<?xml version="1.0" encoding="UTF-8"?>
<!-- Generated by org.testng.reporters.JUnitReportReporter -->
<testsuite name="com.brightside.mentoring.testcases.SignInPageTest" tests="3" time="70.192" ignored="0" failures="0" timestamp="06 Jan 2019 13:37:09 GMT" skipped="0" hostname="LT-111" errors="0">
  <testcase name="signInTest" time="21.950" classname="com.brightside.mentoring.testcases.SignInPageTest"/>
  <testcase name="brightsideLogoTest" time="16.110" classname="com.brightside.mentoring.testcases.SignInPageTest"/>
  <testcase name="signInPageTitleTest" time="32.132" classname="com.brightside.mentoring.testcases.SignInPageTest"/>
</testsuite> <!-- com.brightside.mentoring.testcases.SignInPageTest -->
