<?xml version="1.0" encoding="UTF-8"?>
<!-- Generated by org.testng.reporters.JUnitReportReporter -->
<testsuite skipped="0" hostname="LAPTOP-HLJNO3PS" name="mentoring.messaging" tests="1" failures="0" timestamp="27 Sep 2018 19:58:39 GMT" time="11.456" errors="0">
  <testcase name="mesaging" time="11.456" classname="mentoring.messaging"/>
</testsuite> <!-- mentoring.messaging -->
