<?xml version="1.0" encoding="UTF-8"?>
<!-- Generated by org.testng.reporters.JUnitReportReporter -->
<testsuite skipped="0" hostname="LAPTOP-HLJNO3PS" name="brightsideDefault.homePage" tests="4" failures="0" timestamp="27 Sep 2018 19:14:39 GMT" time="14.201" errors="0">
  <testcase name="sign_up" time="14.178" classname="brightsideDefault.homePage"/>
  <testcase name="user_login" time="0.015" classname="brightsideDefault.homePage"/>
  <testcase name="alreadyAccount" time="0.004" classname="brightsideDefault.homePage"/>
  <testcase name="forgot_password" time="0.004" classname="brightsideDefault.homePage"/>
</testsuite> <!-- brightsideDefault.homePage -->
